<?xml version="1.0" encoding="UTF-8"?>
<TestRun id="10e4d6fb-9f84-4f71-9fef-995af21b3a5c" name="atrahimenok@ATRAHIMENOK 2014-02-12 10:53:33" runUser="IBS\atrahimenok" xmlns="http://microsoft.com/schemas/VisualStudio/TeamTest/2010">
  <TestSettings name="Local" id="e5577c9f-1452-42ff-9a7b-114c9414bebc">
    <Description>These are default test settings for a local test run.</Description>
    <Execution>
      <TestTypeSpecific>
        <WebTestRunConfiguration testTypeId="4e7599fa-5ecb-43e9-a887-cd63cf72d207" iterationCount="100">
          <Browser name="Internet Explorer 9.0" MaxConnections="6">
            <Headers>
              <Header name="User-Agent" value="Mozilla/5.0 (compatible; MSIE 9.0; Windows NT 6.1; Trident/5.0)" />
              <Header name="Accept" value="*/*" />
              <Header name="Accept-Language" value="{{$IEAcceptLanguage}}" />
              <Header name="Accept-Encoding" value="GZIP" />
            </Headers>
          </Browser>
        </WebTestRunConfiguration>
      </TestTypeSpecific>
      <AgentRule name="Execution Agents">
      </AgentRule>
    </Execution>
    <Deployment runDeploymentRoot="atrahimenok_ATRAHIMENOK 2014-02-12 10_53_33" />
  </TestSettings>
  <Times creation="2014-02-12T10:53:33.5856323+04:00" queuing="2014-02-12T10:53:33.8113159+04:00" start="2014-02-12T10:53:33.8652403+04:00" finish="2014-02-12T10:53:34.0909239+04:00" />
  <ResultSummary outcome="Completed">
    <Counters total="1" executed="1" passed="1" error="0" failed="0" timeout="0" aborted="0" inconclusive="0" passedButRunAborted="0" notRunnable="0" notExecuted="0" disconnected="0" warning="0" completed="0" inProgress="0" pending="0" />
  </ResultSummary>
  <TestDefinitions>
    <WebTest name="WebTest1" storage="c:\goworkspace\src\github.com\strongo\benchmarks\aspnet\strongo.benchmarks\mvc4.razor.performacetests\webtest1.webtest" id="683bd09d-b9d4-436d-aa73-3053257e1371" persistedWebTest="77u/PD94bWwgdmVyc2lvbj0iMS4wIiBlbmNvZGluZz0iVVRGLTgiIHN0YW5kYWxvbmU9InllcyI/Pg0KPFdlYlRlc3QgTmFtZT0iV2ViVGVzdDEiIElkPSI2ODNiZDA5ZC1iOWQ0LTQzNmQtYWE3My0zMDUzMjU3ZTEzNzEiIE93bmVyPSIiIFByaW9yaXR5PSIyMTQ3NDgzNjQ3IiBFbmFibGVkPSJUcnVlIiBDc3NQcm9qZWN0U3RydWN0dXJlPSIiIENzc0l0ZXJhdGlvbj0iIiBUaW1lb3V0PSIwIiBXb3JrSXRlbUlkcz0iIiB4bWxucz0iaHR0cDovL21pY3Jvc29mdC5jb20vc2NoZW1hcy9WaXN1YWxTdHVkaW8vVGVhbVRlc3QvMjAxMCIgRGVzY3JpcHRpb249IiIgQ3JlZGVudGlhbFVzZXJOYW1lPSIiIENyZWRlbnRpYWxQYXNzd29yZD0iIiBQcmVBdXRoZW50aWNhdGU9IlRydWUiIFByb3h5PSIiIFN0b3BPbkVycm9yPSJGYWxzZSIgUmVjb3JkZWRSZXN1bHRGaWxlPSIiIFJlc3VsdHNMb2NhbGU9IiIgLz4=">
      <Execution id="4c2b0158-f45c-4b61-97f4-3f3c5d82be07" />
    </WebTest>
  </TestDefinitions>
  <TestLists>
    <TestList name="Results Not in a List" id="8c84fa94-04c1-424b-9868-57a2d4851a1d" />
    <TestList name="All Loaded Results" id="19431567-8539-422a-85d7-44ee4e166bda" />
  </TestLists>
  <TestEntries>
    <TestEntry isTransparent="false" testId="683bd09d-b9d4-436d-aa73-3053257e1371" executionId="4c2b0158-f45c-4b61-97f4-3f3c5d82be07" testListId="8c84fa94-04c1-424b-9868-57a2d4851a1d" />
  </TestEntries>
  <Results>
    <WebTestResult executionId="4c2b0158-f45c-4b61-97f4-3f3c5d82be07" testId="683bd09d-b9d4-436d-aa73-3053257e1371" testName="WebTest1" computerName="ATRAHIMENOK" duration="00:00:00.0062279" startTime="2014-02-12T10:53:33.9361409+04:00" endTime="2014-02-12T10:53:34.0579701+04:00" testType="4e7599fa-5ecb-43e9-a887-cd63cf72d207" outcome="Passed" testListId="8c84fa94-04c1-424b-9868-57a2d4851a1d" relativeResultsDirectory="4c2b0158-f45c-4b61-97f4-3f3c5d82be07">
      <ResultFiles>
        <ResultFile path="WebTest1.webtestResult" />
      </ResultFiles>
      <TestSettings name="Local" id="e5577c9f-1452-42ff-9a7b-114c9414bebc">
        <Description>These are default test settings for a local test run.</Description>
        <Execution>
          <TestTypeSpecific>
            <WebTestRunConfiguration testTypeId="4e7599fa-5ecb-43e9-a887-cd63cf72d207" iterationCount="100">
              <Browser name="Internet Explorer 9.0" MaxConnections="6">
                <Headers>
                  <Header name="User-Agent" value="Mozilla/5.0 (compatible; MSIE 9.0; Windows NT 6.1; Trident/5.0)" />
                  <Header name="Accept" value="*/*" />
                  <Header name="Accept-Language" value="{{$IEAcceptLanguage}}" />
                  <Header name="Accept-Encoding" value="GZIP" />
                </Headers>
              </Browser>
            </WebTestRunConfiguration>
          </TestTypeSpecific>
          <AgentRule name="Execution Agents">
          </AgentRule>
        </Execution>
        <Deployment runDeploymentRoot="atrahimenok_ATRAHIMENOK 2014-02-12 10_53_33" />
      </TestSettings>
      <WebTestResultFilePath>atrahimenok_ATRAHIMENOK 2014-02-12 10_53_33\In\4c2b0158-f45c-4b61-97f4-3f3c5d82be07\WebTest1.webtestResult</WebTestResultFilePath>
    </WebTestResult>
  </Results>
</TestRun>